0 info it worked if it ends with ok
1 verbose cli [ 'D:\\Program Files\\development\\nodeJs\\node.exe',
1 verbose cli   'D:\\Program Files\\development\\nodeJs\\node_modules\\npm\\bin\\npm-cli.js',
1 verbose cli   'run',
1 verbose cli   'testnopm2' ]
2 info using npm@3.10.10
3 info using node@v7.2.1
4 verbose run-script [ 'pretestnopm2', 'testnopm2', 'posttestnopm2' ]
5 info lifecycle wkh5_node@1.0.0~pretestnopm2: wkh5_node@1.0.0
6 silly lifecycle wkh5_node@1.0.0~pretestnopm2: no script for pretestnopm2, continuing
7 info lifecycle wkh5_node@1.0.0~testnopm2: wkh5_node@1.0.0
8 verbose lifecycle wkh5_node@1.0.0~testnopm2: unsafe-perm in lifecycle true
9 verbose lifecycle wkh5_node@1.0.0~testnopm2: PATH: D:\Program Files\development\nodeJs\node_modules\npm\bin\node-gyp-bin;E:\wkzf\node\wkh5_node\node_modules\.bin;C:\ProgramData\Oracle\Java\javapath;C:\Program Files\Intel\iCLS Client\;C:\Windows\system32;C:\Windows;C:\Windows\System32\Wbem;C:\Windows\System32\WindowsPowerShell\v1.0\;C:\Program Files\Intel\WiFi\bin\;C:\Program Files\Common Files\Intel\WirelessCommon\;C:\Program Files\Intel\Intel(R) Management Engine Components\DAL;C:\Program Files\Intel\Intel(R) Management Engine Components\IPT;C:\Program Files\ATI Technologies\ATI.ACE\Core-Static;D:\Program Files\development\jdk\bin;D:\Program Files\development\apache-maven-3.2.5\bin;D:\Program Files\development\nodeJs\;D:\Program Files\sports\quicktime\QTSystem\;D:\Program Files\assistant\OpenVPN\bin;C:\Program Files\Intel\WiFi\bin\;C:\Program Files\Common Files\Intel\WirelessCommon\;D:\Program Files\development\Microsoft VS Code\bin;C:\Users\Administrator\AppData\Local\.meteor\;C:\Users\Administrator\AppData\Roaming\npm
10 verbose lifecycle wkh5_node@1.0.0~testnopm2: CWD: E:\wkzf\node\wkh5_node
11 silly lifecycle wkh5_node@1.0.0~testnopm2: Args: [ '/d /s /c',
11 silly lifecycle   'cross-env STAGE_ENV=test PORT=9020 node ./bin/www' ]
12 verbose stack Error: kill ENOSYS
12 verbose stack     at exports._errnoException (util.js:1022:11)
12 verbose stack     at process.kill (internal/process.js:173:13)
12 verbose stack     at process.listener (D:\Program Files\development\nodeJs\node_modules\npm\node_modules\npmlog\node_modules\gauge\node_modules\signal-exit\index.js:86:15)
12 verbose stack     at emitNone (events.js:91:20)
12 verbose stack     at process.emit (events.js:185:7)
12 verbose stack     at processEmit (D:\Program Files\development\nodeJs\node_modules\npm\node_modules\npmlog\node_modules\gauge\node_modules\signal-exit\index.js:146:32)
12 verbose stack     at processEmit (D:\Program Files\development\nodeJs\node_modules\npm\node_modules\npm-registry-client\node_modules\npmlog\node_modules\gauge\node_modules\signal-exit\index.js:146:32)
12 verbose stack     at Signal.wrap.onsignal (internal/process.js:200:44)
13 verbose cwd E:\wkzf\node\wkh5_node
14 error Windows_NT 6.1.7600
15 error argv "D:\\Program Files\\development\\nodeJs\\node.exe" "D:\\Program Files\\development\\nodeJs\\node_modules\\npm\\bin\\npm-cli.js" "run" "testnopm2"
16 error node v7.2.1
17 error npm  v3.10.10
18 error code ENOSYS
19 error errno ENOSYS
20 error syscall kill
21 error kill ENOSYS
22 error If you need help, you may report this error at:
22 error     <https://github.com/npm/npm/issues>
23 verbose exit [ 1, true ]
